[13:49:51] [main/WARN]: Ambiguity between arguments [teleport, destination] and [teleport, targets] with inputs: [Player, 0123, @e, dd12be42-52a9-4a91-a8a1-11c01849e498]
[13:49:51] [main/WARN]: Ambiguity between arguments [teleport, location] and [teleport, destination] with inputs: [0.1 -0.5 .9, 0 0 0]
[13:49:51] [main/WARN]: Ambiguity between arguments [teleport, location] and [teleport, targets] with inputs: [0.1 -0.5 .9, 0 0 0]
[13:49:51] [main/WARN]: Ambiguity between arguments [teleport, targets] and [teleport, destination] with inputs: [Player, 0123, dd12be42-52a9-4a91-a8a1-11c01849e498]
[13:49:51] [main/WARN]: Ambiguity between arguments [teleport, targets, location] and [teleport, targets, destination] with inputs: [0.1 -0.5 .9, 0 0 0]
[13:49:51] [main/INFO]: Reloading ResourceManager: Default, bukkit
[13:49:52] [Worker-Main-5/INFO]: Loaded 7 recipes
[13:49:53] [Worker-Main-5/INFO]: Loaded 927 advancements
[13:49:55] [Server thread/INFO]: Starting minecraft server version 1.16.2
[13:49:55] [Server thread/INFO]: Loading properties
[13:49:55] [Server thread/INFO]: Default game type: SURVIVAL
[13:49:55] [Server thread/INFO]: Generating keypair
[13:49:55] [Server thread/INFO]: Starting Minecraft server on *:25565
[13:49:55] [Server thread/INFO]: Using epoll channel type
[13:49:55] [Server thread/WARN]: **** SERVER IS RUNNING IN OFFLINE/INSECURE MODE!
[13:49:55] [Server thread/WARN]: The server will make no attempt to authenticate usernames. Beware.
[13:49:55] [Server thread/WARN]: While this makes the game possible to play without internet access, it also opens up the ability for hackers to connect with any username they choose.
[13:49:55] [Server thread/WARN]: To change this, set "online-mode" to "true" in the server.properties file.
[13:49:55] [Server thread/INFO]: Preparing level "world"
[13:49:56] [Server thread/INFO]: Preparing start region for dimension minecraft:overworld
[13:49:59] [Server thread/INFO]: Preparing spawn area: 0%
[13:49:59] [Server thread/INFO]: Preparing spawn area: 0%
[13:49:59] [Server thread/INFO]: Preparing spawn area: 0%
[13:49:59] [Server thread/INFO]: Preparing spawn area: 0%
[13:49:59] [Server thread/INFO]: Preparing spawn area: 0%
[13:49:59] [Server thread/INFO]: Preparing spawn area: 0%
[13:49:59] [Server thread/INFO]: Preparing spawn area: 0%
[13:49:59] [Server thread/INFO]: Preparing spawn area: 1%
[13:50:04] [Worker-Main-5/INFO]: Preparing spawn area: 83%
[13:50:04] [Worker-Main-4/INFO]: Preparing spawn area: 83%
[13:50:04] [Worker-Main-4/INFO]: Preparing spawn area: 83%
[13:50:04] [Worker-Main-4/INFO]: Preparing spawn area: 83%
[13:50:04] [Worker-Main-4/INFO]: Preparing spawn area: 83%
[13:50:04] [Worker-Main-6/INFO]: Preparing spawn area: 83%
[13:50:04] [Worker-Main-6/INFO]: Preparing spawn area: 83%
[13:50:04] [Worker-Main-6/INFO]: Preparing spawn area: 83%
[13:50:04] [Worker-Main-6/INFO]: Preparing spawn area: 83%
[13:50:04] [Server thread/INFO]: Preparing spawn area: 83%
[13:50:05] [Worker-Main-4/INFO]: Preparing spawn area: 99%
[13:50:05] [Server thread/INFO]: Time elapsed: 9198 ms
[13:50:05] [Server thread/INFO]: Done (9.389s)! For help, type "help"
[13:50:40] [Server thread/INFO]: Stopping the server
[13:50:40] [Server thread/INFO]: Stopping server
[13:50:40] [Server thread/INFO]: Saving players
[13:50:40] [Server thread/INFO]: Saving worlds
[13:50:40] [Server thread/INFO]: Saving chunks for level 'ServerLevel[world]'/minecraft:overworld
[13:50:41] [Server thread/INFO]: ThreadedAnvilChunkStorage (world): All chunks are saved
[13:50:41] [Server thread/INFO]: Saving chunks for level 'ServerLevel[world]'/minecraft:the_nether
[13:50:41] [Server thread/INFO]: ThreadedAnvilChunkStorage (DIM-1): All chunks are saved
[13:50:41] [Server thread/INFO]: Saving chunks for level 'ServerLevel[world]'/minecraft:the_end
[13:50:41] [Server thread/INFO]: ThreadedAnvilChunkStorage (DIM1): All chunks are saved
[13:50:41] [Server thread/INFO]: ThreadedAnvilChunkStorage (world): All chunks are saved
[13:50:41] [Server thread/INFO]: ThreadedAnvilChunkStorage (DIM-1): All chunks are saved
[13:50:41] [Server thread/INFO]: ThreadedAnvilChunkStorage (DIM1): All chunks are saved
